2025-04-21 22:25:04,603 - INFO - Starting Speech Intent Recognition Pipeline
2025-04-21 22:25:04,603 - INFO - Arguments: Namespace(train_csv='data/FSC/fluent_speech_commands_dataset/data/train_data.csv', valid_csv='data/FSC/fluent_speech_commands_dataset/data/valid_data.csv', test_csv='data/FSC/fluent_speech_commands_dataset/data/test_data.csv', output_dir='data/processed', config_path='configs/config.yaml')
2025-04-21 22:25:04,603 - INFO - Configuration: {'dataset_path': 'data/processed/processed.csv', 'num_labels': 31, 'epochs': 10, 'batch_size': 8, 'lr': '3e-5', 'val_split': 0.1, 'early_stop_patience': 5, 'model_name': 'facebook/wav2vec2-base-960h', 'save_path': 'checkpoints/', 'use_augmentation': True, 'sample_rate': 16000, 'n_mels': 64, 'mel_spec_length': 200, 'num_workers': 4, 'seed': 42}
2025-04-21 22:25:04,605 - INFO - === STEP 1: PREPROCESSING DATA ===
2025-04-21 22:25:04,605 - INFO - Starting: Data Preprocessing
2025-04-21 22:25:04,605 - INFO - Command: python -m scripts.preprocess_fsc --train_csv data/FSC/fluent_speech_commands_dataset/data/train_data.csv --valid_csv data/FSC/fluent_speech_commands_dataset/data/valid_data.csv --test_csv data/FSC/fluent_speech_commands_dataset/data/test_data.csv --output_dir data/processed --label_map_path data/processed/label_map.json
2025-04-21 22:25:06,873 - INFO - Preprocessing complete.
2025-04-21 22:25:06,873 - INFO - Train CSV saved to data/processed\train_data.csv
2025-04-21 22:25:06,873 - INFO - Validation CSV saved to data/processed\valid_data.csv
2025-04-21 22:25:06,874 - INFO - Test CSV saved to data/processed\test_data.csv
2025-04-21 22:25:06,874 - INFO - Label map saved to data/processed/label_map.json
2025-04-21 22:25:06,948 - INFO - Completed: Data Preprocessing in 2.34 seconds
2025-04-21 22:25:06,948 - INFO - === STEP 2: TRAINING MODEL ===
2025-04-21 22:25:06,948 - INFO - Starting: Model Training
2025-04-21 22:25:06,949 - INFO - Command: python -m scripts.train --config configs/config.yaml --train_csv data/processed/train_data.csv --val_csv data/processed/valid_data.csv --label_map data/processed/label_map.json
2025-04-21 22:25:13,228 - INFO - Using device: cuda
2025-04-21 22:25:13,229 - INFO - Loading train dataset...
2025-04-21 22:25:13,229 - INFO - Train dataset loaded with 23132 samples
2025-04-21 22:25:13,230 - INFO - Loading validation dataset...
2025-04-21 22:25:13,230 - INFO - Validation dataset loaded with 3118 samples
2025-04-21 22:25:13,230 - INFO - Creating data loaders with num_workers=4...
2025-04-21 22:25:13,230 - INFO - Initializing model...
2025-04-21 22:25:13,230 - INFO - Model initialized and moved to device
2025-04-21 22:25:13,231 - INFO - Initializing loss function and optimizer...
2025-04-21 22:25:13,231 - INFO - Starting full training...
2025-04-21 22:25:13,231 - INFO - Epoch 1/10 - Training...
