2025-04-21 20:46:45,890 - INFO - Starting Speech Intent Recognition Pipeline
2025-04-21 20:46:45,890 - INFO - Arguments: Namespace(train_csv='data/FSC/fluent_speech_commands_dataset/data/train_data.csv', valid_csv='data/FSC/fluent_speech_commands_dataset/data/valid_data.csv', test_csv='data/FSC/fluent_speech_commands_dataset/data/test_data.csv', output_dir='data/processed', config_path='configs/config.yaml')
2025-04-21 20:46:45,891 - INFO - Configuration: {'dataset_path': 'data/processed/processed.csv', 'num_labels': 31, 'epochs': 10, 'batch_size': 8, 'lr': '3e-5', 'val_split': 0.1, 'early_stop_patience': 3, 'model_name': 'facebook/wav2vec2-base-960h', 'save_path': 'checkpoints/', 'use_augmentation': True, 'sample_rate': 16000, 'n_mels': 64, 'mel_spec_length': 200, 'num_workers': 4, 'seed': 42}
2025-04-21 20:46:45,892 - INFO - === STEP 1: PREPROCESSING DATA ===
2025-04-21 20:46:45,892 - INFO - Starting: Data Preprocessing
2025-04-21 20:46:45,892 - INFO - Command: python -m scripts.preprocess_fsc --train_csv data/FSC/fluent_speech_commands_dataset/data/train_data.csv --valid_csv data/FSC/fluent_speech_commands_dataset/data/valid_data.csv --test_csv data/FSC/fluent_speech_commands_dataset/data/test_data.csv --output_dir data/processed --label_map_path data/processed/label_map.json
2025-04-21 20:46:47,967 - INFO - Preprocessing complete.
2025-04-21 20:46:47,967 - INFO - Train CSV saved to data/processed\train_data.csv
2025-04-21 20:46:47,967 - INFO - Validation CSV saved to data/processed\valid_data.csv
2025-04-21 20:46:47,968 - INFO - Test CSV saved to data/processed\test_data.csv
2025-04-21 20:46:47,968 - INFO - Label map saved to data/processed/label_map.json
2025-04-21 20:46:48,040 - INFO - Completed: Data Preprocessing in 2.15 seconds
2025-04-21 20:46:48,041 - INFO - === STEP 2: TRAINING MODEL ===
2025-04-21 20:46:48,041 - INFO - Starting: Model Training
2025-04-21 20:46:48,041 - INFO - Command: python -m scripts.train --config configs/config.yaml --train_csv data/processed/train_data.csv --val_csv data/processed/valid_data.csv --label_map data/processed/label_map.json
2025-04-21 20:46:51,811 - INFO - Using device: cuda
2025-04-21 20:46:52,301 - ERROR - Traceback (most recent call last):
  File "<frozen runpy>", line 198, in _run_module_as_main
  File "<frozen runpy>", line 88, in _run_code
  File "E:\Speech-Intent-Recognition\scripts\train.py", line 171, in <module>
    train(args, config)
    ~~~~~^^^^^^^^^^^^^^
  File "E:\Speech-Intent-Recognition\scripts\train.py", line 95, in train
    optimizer = optim.Adam(model.parameters(), lr=config['lr'])
  File "E:\Speech-Intent-Recognition\venv\Lib\site-packages\torch\optim\adam.py", line 57, in __init__
    if not 0.0 <= lr:
           ^^^^^^^^^
TypeError: '<=' not supported between instances of 'float' and 'str'

2025-04-21 20:46:52,302 - ERROR - Error in Model Training. Return code: 1
2025-04-21 20:46:52,303 - ERROR - Training failed. Stopping pipeline.
