2025-04-21 21:42:16,720 - INFO - Starting Speech Intent Recognition Pipeline
2025-04-21 21:42:16,721 - INFO - Arguments: Namespace(train_csv='data/FSC/fluent_speech_commands_dataset/data/train_data.csv', valid_csv='data/FSC/fluent_speech_commands_dataset/data/valid_data.csv', test_csv='data/FSC/fluent_speech_commands_dataset/data/test_data.csv', output_dir='data/processed', config_path='configs/debug_config.yaml')
2025-04-21 21:42:16,721 - INFO - Configuration: {'dataset_path': 'data/processed/processed.csv', 'num_labels': 31, 'epochs': 1, 'batch_size': 2, 'lr': 0.001, 'val_split': 0.1, 'early_stop_patience': 3, 'save_path': 'checkpoints/', 'num_workers': 0, 'seed': 42}
2025-04-21 21:42:16,721 - INFO - === STEP 1: PREPROCESSING DATA ===
2025-04-21 21:42:18,405 - INFO - Starting: Data Preprocessing
2025-04-21 21:42:19,491 - INFO - Command: python -m scripts.preprocess_fsc --train_csv data/FSC/fluent_speech_commands_dataset/data/train_data.csv --valid_csv data/FSC/fluent_speech_commands_dataset/data/valid_data.csv --test_csv data/FSC/fluent_speech_commands_dataset/data/test_data.csv --output_dir data/processed --label_map_path data/processed/label_map.json
2025-04-21 21:42:21,637 - INFO - Preprocessing complete.
2025-04-21 21:42:21,739 - INFO - Train CSV saved to data/processed\train_data.csv
2025-04-21 21:42:21,740 - INFO - Validation CSV saved to data/processed\valid_data.csv
2025-04-21 21:42:21,740 - INFO - Test CSV saved to data/processed\test_data.csv
2025-04-21 21:42:21,740 - INFO - Label map saved to data/processed/label_map.json
2025-04-21 21:42:21,740 - INFO - Completed: Data Preprocessing in 2.25 seconds
2025-04-21 21:42:21,741 - INFO - === STEP 2: TRAINING MODEL ===
2025-04-21 21:42:21,741 - INFO - Starting: Model Training
2025-04-21 21:42:21,741 - INFO - Command: python -m scripts.train --config configs/debug_config.yaml --train_csv data/processed/train_data.csv --val_csv data/processed/valid_data.csv --label_map data/processed/label_map.json
2025-04-21 21:42:26,918 - INFO - Initializing device...
2025-04-21 21:42:27,019 - INFO - Using device: cuda
2025-04-21 21:42:27,119 - INFO - Disabling CuDNN benchmarking...
2025-04-21 21:42:27,220 - INFO - Loading train dataset...
2025-04-21 21:42:27,321 - INFO - Train dataset loaded with 23132 samples
2025-04-21 21:42:27,421 - INFO - Loading validation dataset...
2025-04-21 21:42:27,522 - INFO - Validation dataset loaded with 3118 samples
2025-04-21 21:42:27,623 - INFO - Creating data loaders with num_workers=0...
2025-04-21 21:42:27,723 - INFO - Initializing model...
2025-04-21 21:42:27,824 - INFO - Model initialized and moved to GPU
2025-04-21 21:42:27,924 - INFO - Testing with first batch...
2025-04-21 21:42:28,025 - INFO - First batch loaded with shapes: torch.Size([2, 64, 200]), torch.Size([2])
2025-04-21 21:42:28,126 - INFO - Moved to device successfully
2025-04-21 21:42:28,227 - INFO - Forward pass successful! Output shape: torch.Size([2, 31])
2025-04-21 21:42:28,327 - INFO - Initializing loss function and optimizer...
