2025-04-21 22:11:25,993 - INFO - Starting Speech Intent Recognition Pipeline
2025-04-21 22:11:25,993 - INFO - Arguments: Namespace(train_csv='data/FSC/fluent_speech_commands_dataset/data/train_data.csv', valid_csv='data/FSC/fluent_speech_commands_dataset/data/valid_data.csv', test_csv='data/FSC/fluent_speech_commands_dataset/data/test_data.csv', output_dir='data/processed', config_path='configs/debug_config.yaml')
2025-04-21 22:11:25,993 - INFO - Configuration: {'dataset_path': 'data/processed/processed.csv', 'num_labels': 31, 'epochs': 1, 'batch_size': 2, 'lr': 0.001, 'val_split': 0.1, 'early_stop_patience': 3, 'save_path': 'checkpoints/', 'num_workers': 0, 'seed': 42}
2025-04-21 22:11:25,994 - INFO - === STEP 1: PREPROCESSING DATA ===
2025-04-21 22:11:27,812 - INFO - Starting: Data Preprocessing
2025-04-21 22:11:27,812 - INFO - Command: python -m scripts.preprocess_fsc --train_csv data/FSC/fluent_speech_commands_dataset/data/train_data.csv --valid_csv data/FSC/fluent_speech_commands_dataset/data/valid_data.csv --test_csv data/FSC/fluent_speech_commands_dataset/data/test_data.csv --output_dir data/processed --label_map_path data/processed/label_map.json
2025-04-21 22:11:30,428 - INFO - Preprocessing complete.
2025-04-21 22:11:30,530 - INFO - Train CSV saved to data/processed\train_data.csv
2025-04-21 22:11:30,531 - INFO - Validation CSV saved to data/processed\valid_data.csv
2025-04-21 22:11:30,531 - INFO - Test CSV saved to data/processed\test_data.csv
2025-04-21 22:11:30,531 - INFO - Label map saved to data/processed/label_map.json
2025-04-21 22:11:30,531 - INFO - Completed: Data Preprocessing in 2.72 seconds
2025-04-21 22:11:30,532 - INFO - === STEP 2: TRAINING MODEL ===
2025-04-21 22:11:30,532 - INFO - Starting: Model Training
2025-04-21 22:11:30,532 - INFO - Command: python -m scripts.train --config configs/debug_config.yaml --train_csv data/processed/train_data.csv --val_csv data/processed/valid_data.csv --label_map data/processed/label_map.json
2025-04-21 22:11:37,117 - INFO - Initializing device...
2025-04-21 22:11:37,218 - INFO - Using device: cuda
2025-04-21 22:11:37,318 - INFO - Disabling CuDNN benchmarking...
2025-04-21 22:11:37,419 - INFO - Loading train dataset...
2025-04-21 22:11:37,520 - INFO - Train dataset loaded with 23132 samples
2025-04-21 22:11:37,620 - INFO - Loading validation dataset...
2025-04-21 22:11:37,721 - INFO - Validation dataset loaded with 3118 samples
2025-04-21 22:11:37,822 - INFO - Creating data loaders with num_workers=0...
2025-04-21 22:11:37,924 - INFO - Initializing model...
2025-04-21 22:11:37,925 - INFO - Model initialized and moved to GPU
2025-04-21 22:11:37,925 - INFO - Running minimal training loop...
2025-04-21 22:11:37,925 - INFO - Batch 1/5 completed, loss: 3.3637
2025-04-21 22:11:37,925 - INFO - Batch 2/5 completed, loss: 3.5132
2025-04-21 22:11:37,925 - INFO - Batch 3/5 completed, loss: 3.5162
2025-04-21 22:11:37,926 - INFO - Batch 4/5 completed, loss: 3.2716
2025-04-21 22:11:37,926 - INFO - Batch 5/5 completed, loss: 3.5390
2025-04-21 22:11:37,926 - INFO - Minimal training completed successfully!
2025-04-21 22:11:37,926 - INFO - Completed: Model Training in 7.39 seconds
2025-04-21 22:11:37,927 - INFO - === STEP 3: EVALUATING MODEL ===
2025-04-21 22:11:37,927 - INFO - Starting: Model Evaluation
2025-04-21 22:11:37,927 - INFO - Command: python -m scripts.evaluate --config configs/debug_config.yaml --test_csv data/processed/test_data.csv --label_map data/processed/label_map.json --model_path checkpoints//best_model.pt
2025-04-21 22:11:41,775 - INFO - Initializing device...
2025-04-21 22:11:41,876 - INFO - Using device: cuda
2025-04-21 22:11:41,977 - INFO - Loading test dataset...
2025-04-21 22:11:42,077 - INFO - Test dataset loaded with 3793 samples
2025-04-21 22:11:42,178 - INFO - Creating test DataLoader...
2025-04-21 22:11:42,278 - INFO - Test DataLoader created
2025-04-21 22:11:42,379 - INFO - Loading model from checkpoints//best_model.pt...
2025-04-21 22:11:42,380 - INFO - Model loaded successfully
2025-04-21 22:11:42,380 - INFO - Model set to evaluation mode
2025-04-21 22:11:42,380 - INFO - Running minimal evaluation on a few batches...
2025-04-21 22:11:42,380 - INFO - Processing batch 1/5...
2025-04-21 22:11:42,380 - INFO - Batch 1/5 processed successfully
2025-04-21 22:11:42,381 - INFO - Processing batch 2/5...
2025-04-21 22:11:42,381 - INFO - Batch 2/5 processed successfully
2025-04-21 22:11:42,381 - INFO - Processing batch 3/5...
2025-04-21 22:11:42,381 - INFO - Batch 3/5 processed successfully
2025-04-21 22:11:42,381 - INFO - Processing batch 4/5...
2025-04-21 22:11:42,381 - INFO - Batch 4/5 processed successfully
2025-04-21 22:11:42,381 - INFO - Processing batch 5/5...
2025-04-21 22:11:42,382 - INFO - Batch 5/5 processed successfully
2025-04-21 22:11:42,382 - INFO - Test accuracy on 10 samples: 1.0000
2025-04-21 22:11:42,382 - INFO - Minimal evaluation completed successfully!
2025-04-21 22:11:42,382 - INFO - Completed: Model Evaluation in 4.45 seconds
2025-04-21 22:11:42,382 - INFO - === PIPELINE COMPLETED SUCCESSFULLY ===
2025-04-21 22:11:42,383 - INFO - Model saved at: checkpoints//best_model.pt
2025-04-21 22:11:42,383 - INFO - Evaluation results saved at: checkpoints/
2025-04-21 22:11:42,383 - INFO - Log file: logs\pipeline_20250421_221125.log
