2025-04-21 21:38:20,805 - INFO - Starting Speech Intent Recognition Pipeline
2025-04-21 21:38:20,805 - INFO - Arguments: Namespace(train_csv='data/FSC/fluent_speech_commands_dataset/data/train_data.csv', valid_csv='data/FSC/fluent_speech_commands_dataset/data/valid_data.csv', test_csv='data/FSC/fluent_speech_commands_dataset/data/test_data.csv', output_dir='data/processed', config_path='configs/debug_config.yaml')
2025-04-21 21:38:20,806 - INFO - Configuration: {'dataset_path': 'data/processed/processed.csv', 'num_labels': 31, 'epochs': 1, 'batch_size': 2, 'lr': 0.001, 'val_split': 0.1, 'early_stop_patience': 3, 'save_path': 'checkpoints/', 'num_workers': 0, 'seed': 42}
2025-04-21 21:38:20,806 - INFO - === STEP 1: PREPROCESSING DATA ===
2025-04-21 21:38:20,807 - INFO - Starting: Data Preprocessing
2025-04-21 21:38:20,808 - INFO - Command: python -m scripts.preprocess_fsc --train_csv data/FSC/fluent_speech_commands_dataset/data/train_data.csv --valid_csv data/FSC/fluent_speech_commands_dataset/data/valid_data.csv --test_csv data/FSC/fluent_speech_commands_dataset/data/test_data.csv --output_dir data/processed --label_map_path data/processed/label_map.json
2025-04-21 21:38:25,273 - INFO - Preprocessing complete.
2025-04-21 21:38:25,374 - INFO - Train CSV saved to data/processed\train_data.csv
2025-04-21 21:38:25,476 - INFO - Validation CSV saved to data/processed\valid_data.csv
2025-04-21 21:38:25,476 - INFO - Test CSV saved to data/processed\test_data.csv
2025-04-21 21:38:25,477 - INFO - Label map saved to data/processed/label_map.json
2025-04-21 21:38:25,477 - INFO - Completed: Data Preprocessing in 4.67 seconds
2025-04-21 21:38:25,477 - INFO - === STEP 2: TRAINING MODEL ===
2025-04-21 21:38:25,478 - INFO - Starting: Model Training
2025-04-21 21:38:25,478 - INFO - Command: python -m scripts.train --config configs/debug_config.yaml --train_csv data/processed/train_data.csv --val_csv data/processed/valid_data.csv --label_map data/processed/label_map.json
2025-04-21 21:38:37,032 - INFO - Initializing device...
2025-04-21 21:38:37,133 - INFO - Using device: cpu
2025-04-21 21:38:37,234 - INFO - Disabling CuDNN benchmarking...
2025-04-21 21:38:37,334 - INFO - Loading train dataset...
2025-04-21 21:38:37,435 - INFO - Train dataset loaded with 23132 samples
2025-04-21 21:38:37,536 - INFO - Loading validation dataset...
2025-04-21 21:38:37,638 - INFO - Validation dataset loaded with 3118 samples
2025-04-21 21:38:37,638 - INFO - Creating train DataLoader with num_workers=0...
2025-04-21 21:38:37,638 - INFO - Creating validation DataLoader with num_workers=0...
2025-04-21 21:38:37,638 - INFO - Initializing model...
2025-04-21 21:38:37,638 - INFO - Model initialized and moved to GPU
2025-04-21 21:38:37,639 - INFO - Testing with first batch...
2025-04-21 21:38:37,639 - INFO - First batch loaded with shapes: torch.Size([2, 64, 200]), torch.Size([2])
2025-04-21 21:38:37,639 - INFO - Moved to device successfully
2025-04-21 21:38:37,639 - INFO - Forward pass successful! Output shape: torch.Size([2, 31])
2025-04-21 21:38:37,639 - ERROR - 
2025-04-21 21:38:37,640 - ERROR - Epoch 1/1 - Training:   0%|          | 0/11566 [00:00<?, ?it/s]
2025-04-21 21:38:37,640 - ERROR - Epoch 1/1 - Training:   0%|          | 0/11566 [00:00<?, ?it/s]
2025-04-21 21:38:37,640 - ERROR - Traceback (most recent call last):
2025-04-21 21:38:37,640 - ERROR - File "<frozen runpy>", line 198, in _run_module_as_main
2025-04-21 21:38:37,640 - ERROR - File "<frozen runpy>", line 88, in _run_code
2025-04-21 21:38:37,641 - ERROR - File "E:\Speech-Intent-Recognition\scripts\train.py", line 217, in <module>
2025-04-21 21:38:37,641 - ERROR - train(args, config)
2025-04-21 21:38:37,641 - ERROR - ~~~~~^^^^^^^^^^^^^^
2025-04-21 21:38:37,641 - ERROR - File "E:\Speech-Intent-Recognition\scripts\train.py", line 153, in train
2025-04-21 21:38:37,641 - ERROR - optimizer.zero_grad()
2025-04-21 21:38:37,641 - ERROR - ^^^^^^^^^
2025-04-21 21:38:37,641 - ERROR - NameError: name 'optimizer' is not defined
2025-04-21 21:38:37,641 - ERROR - Error in Model Training. Return code: 1
2025-04-21 21:38:37,642 - ERROR - Training failed. Stopping pipeline.
