2025-04-21 21:16:31,454 - INFO - Starting Speech Intent Recognition Pipeline
2025-04-21 21:16:31,454 - INFO - Arguments: Namespace(train_csv='data/FSC/fluent_speech_commands_dataset/data/train_data.csv', valid_csv='data/FSC/fluent_speech_commands_dataset/data/valid_data.csv', test_csv='data/FSC/fluent_speech_commands_dataset/data/test_data.csv', output_dir='data/processed', config_path='configs/debug_config.yaml')
2025-04-21 21:16:31,454 - INFO - Configuration: {'dataset_path': 'data/processed/processed.csv', 'num_labels': 31, 'epochs': 1, 'batch_size': 2, 'lr': 0.001, 'val_split': 0.1, 'early_stop_patience': 3, 'model_name': 'facebook/wav2vec2-base-960h', 'save_path': 'checkpoints/', 'use_augmentation': True, 'sample_rate': 16000, 'n_mels': 64, 'mel_spec_length': 200, 'num_workers': 0, 'seed': 42}
2025-04-21 21:16:31,455 - INFO - === STEP 1: PREPROCESSING DATA ===
2025-04-21 21:16:31,456 - INFO - Starting: Data Preprocessing
2025-04-21 21:16:31,456 - INFO - Command: python -m scripts.preprocess_fsc --train_csv data/FSC/fluent_speech_commands_dataset/data/train_data.csv --valid_csv data/FSC/fluent_speech_commands_dataset/data/valid_data.csv --test_csv data/FSC/fluent_speech_commands_dataset/data/test_data.csv --output_dir data/processed --label_map_path data/processed/label_map.json
2025-04-21 21:16:34,729 - INFO - Preprocessing complete.
2025-04-21 21:16:34,729 - INFO - Train CSV saved to data/processed\train_data.csv
2025-04-21 21:16:34,730 - INFO - Validation CSV saved to data/processed\valid_data.csv
2025-04-21 21:16:34,730 - INFO - Test CSV saved to data/processed\test_data.csv
2025-04-21 21:16:34,730 - INFO - Label map saved to data/processed/label_map.json
2025-04-21 21:16:34,821 - INFO - Completed: Data Preprocessing in 3.37 seconds
2025-04-21 21:16:34,822 - INFO - === STEP 2: TRAINING MODEL ===
2025-04-21 21:16:34,822 - INFO - Starting: Model Training
2025-04-21 21:16:34,822 - INFO - Command: python -m scripts.train --config configs/debug_config.yaml --train_csv data/processed/train_data.csv --val_csv data/processed/valid_data.csv --label_map data/processed/label_map.json
2025-04-21 21:16:40,265 - INFO - Initializing device...
2025-04-21 21:16:40,266 - INFO - Using device: cuda
2025-04-21 21:16:40,266 - INFO - Disabling CuDNN benchmarking...
2025-04-21 21:16:40,266 - INFO - Loading train dataset...
2025-04-21 21:16:40,266 - INFO - Train dataset loaded with 23132 samples
2025-04-21 21:16:40,267 - INFO - Loading validation dataset...
2025-04-21 21:16:40,267 - INFO - Validation dataset loaded with 3118 samples
2025-04-21 21:16:40,267 - INFO - Creating train DataLoader with num_workers=0...
2025-04-21 21:16:40,267 - INFO - Creating validation DataLoader with num_workers=0...
2025-04-21 21:16:40,267 - INFO - Initializing model...
2025-04-21 21:16:40,268 - INFO - Model initialized and moved to GPU
