2025-04-21 22:04:49,691 - INFO - Starting Speech Intent Recognition Pipeline
2025-04-21 22:04:49,691 - INFO - Arguments: Namespace(train_csv='data/FSC/fluent_speech_commands_dataset/data/train_data.csv', valid_csv='data/FSC/fluent_speech_commands_dataset/data/valid_data.csv', test_csv='data/FSC/fluent_speech_commands_dataset/data/test_data.csv', output_dir='data/processed', config_path='configs/debug_config.yaml')
2025-04-21 22:04:49,691 - INFO - Configuration: {'dataset_path': 'data/processed/processed.csv', 'num_labels': 31, 'epochs': 1, 'batch_size': 2, 'lr': 0.001, 'val_split': 0.1, 'early_stop_patience': 3, 'save_path': 'checkpoints/', 'num_workers': 0, 'seed': 42}
2025-04-21 22:04:49,692 - INFO - === STEP 1: PREPROCESSING DATA ===
2025-04-21 22:04:49,693 - INFO - Starting: Data Preprocessing
2025-04-21 22:04:49,693 - INFO - Command: python -m scripts.preprocess_fsc --train_csv data/FSC/fluent_speech_commands_dataset/data/train_data.csv --valid_csv data/FSC/fluent_speech_commands_dataset/data/valid_data.csv --test_csv data/FSC/fluent_speech_commands_dataset/data/test_data.csv --output_dir data/processed --label_map_path data/processed/label_map.json
2025-04-21 22:04:51,878 - INFO - Preprocessing complete.
2025-04-21 22:04:51,980 - INFO - Train CSV saved to data/processed\train_data.csv
2025-04-21 22:04:51,981 - INFO - Validation CSV saved to data/processed\valid_data.csv
2025-04-21 22:04:51,981 - INFO - Test CSV saved to data/processed\test_data.csv
2025-04-21 22:04:51,981 - INFO - Label map saved to data/processed/label_map.json
2025-04-21 22:04:51,981 - INFO - Completed: Data Preprocessing in 2.29 seconds
2025-04-21 22:04:51,982 - INFO - === STEP 2: TRAINING MODEL ===
2025-04-21 22:04:51,982 - INFO - Starting: Model Training
2025-04-21 22:04:51,982 - INFO - Command: python -m scripts.train --config configs/debug_config.yaml --train_csv data/processed/train_data.csv --val_csv data/processed/valid_data.csv --label_map data/processed/label_map.json
2025-04-21 22:04:58,129 - INFO - Initializing device...
2025-04-21 22:04:58,229 - INFO - Using device: cuda
2025-04-21 22:04:58,330 - INFO - Disabling CuDNN benchmarking...
2025-04-21 22:04:58,431 - INFO - Loading train dataset...
2025-04-21 22:04:58,531 - INFO - Train dataset loaded with 23132 samples
2025-04-21 22:04:58,632 - INFO - Loading validation dataset...
2025-04-21 22:04:58,733 - INFO - Validation dataset loaded with 3118 samples
2025-04-21 22:04:58,834 - INFO - Creating data loaders with num_workers=0...
2025-04-21 22:04:58,936 - INFO - Initializing model...
2025-04-21 22:04:58,936 - INFO - Model initialized and moved to GPU
2025-04-21 22:04:58,936 - INFO - Running minimal training loop...
2025-04-21 22:04:58,936 - INFO - Batch 1/5 completed, loss: 3.4280
2025-04-21 22:04:58,936 - INFO - Batch 2/5 completed, loss: 3.4582
2025-04-21 22:04:58,937 - INFO - Batch 3/5 completed, loss: 3.3521
2025-04-21 22:04:58,937 - INFO - Batch 4/5 completed, loss: 3.3531
2025-04-21 22:04:58,937 - INFO - Batch 5/5 completed, loss: 3.4356
2025-04-21 22:04:58,937 - INFO - Minimal training completed successfully!
2025-04-21 22:04:58,937 - INFO - Completed: Model Training in 6.96 seconds
2025-04-21 22:04:58,938 - INFO - === STEP 3: EVALUATING MODEL ===
2025-04-21 22:04:58,938 - INFO - Starting: Model Evaluation
2025-04-21 22:04:58,938 - INFO - Command: python -m scripts.evaluate --config configs/debug_config.yaml --test_csv data/processed/test_data.csv --label_map data/processed/label_map.json --model_path checkpoints//best_model.pt
2025-04-21 22:05:02,437 - INFO - Using device: cuda
2025-04-21 22:05:02,538 - INFO - Model loaded from checkpoints//best_model.pt
