2025-04-21 21:54:48,173 - INFO - Starting Speech Intent Recognition Pipeline
2025-04-21 21:54:48,174 - INFO - Arguments: Namespace(train_csv='data/FSC/fluent_speech_commands_dataset/data/train_data.csv', valid_csv='data/FSC/fluent_speech_commands_dataset/data/valid_data.csv', test_csv='data/FSC/fluent_speech_commands_dataset/data/test_data.csv', output_dir='data/processed', config_path='configs/config.yaml')
2025-04-21 21:54:48,174 - INFO - Configuration: {'dataset_path': 'data/processed/processed.csv', 'num_labels': 31, 'epochs': 10, 'batch_size': 4, 'lr': '3e-5', 'val_split': 0.1, 'early_stop_patience': 3, 'model_name': 'facebook/wav2vec2-base-960h', 'save_path': 'checkpoints/', 'use_augmentation': True, 'sample_rate': 16000, 'n_mels': 64, 'mel_spec_length': 200, 'num_workers': 0, 'seed': 42}
2025-04-21 21:54:48,175 - INFO - === STEP 1: PREPROCESSING DATA ===
2025-04-21 21:54:48,176 - INFO - Starting: Data Preprocessing
2025-04-21 21:54:48,176 - INFO - Command: python -m scripts.preprocess_fsc --train_csv data/FSC/fluent_speech_commands_dataset/data/train_data.csv --valid_csv data/FSC/fluent_speech_commands_dataset/data/valid_data.csv --test_csv data/FSC/fluent_speech_commands_dataset/data/test_data.csv --output_dir data/processed --label_map_path data/processed/label_map.json
2025-04-21 21:54:50,521 - INFO - Preprocessing complete.
2025-04-21 21:54:50,623 - INFO - Train CSV saved to data/processed\train_data.csv
2025-04-21 21:54:50,623 - INFO - Validation CSV saved to data/processed\valid_data.csv
2025-04-21 21:54:50,624 - INFO - Test CSV saved to data/processed\test_data.csv
2025-04-21 21:54:50,624 - INFO - Label map saved to data/processed/label_map.json
2025-04-21 21:54:50,624 - INFO - Completed: Data Preprocessing in 2.45 seconds
2025-04-21 21:54:50,624 - INFO - === STEP 2: TRAINING MODEL ===
2025-04-21 21:54:50,625 - INFO - Starting: Model Training
2025-04-21 21:54:50,625 - INFO - Command: python -m scripts.train --config configs/config.yaml --train_csv data/processed/train_data.csv --val_csv data/processed/valid_data.csv --label_map data/processed/label_map.json
2025-04-21 21:54:55,692 - INFO - Initializing device...
2025-04-21 21:54:55,793 - INFO - Using device: cuda
2025-04-21 21:54:55,894 - INFO - Disabling CuDNN benchmarking...
2025-04-21 21:54:55,995 - INFO - Loading train dataset...
2025-04-21 21:54:56,096 - INFO - Train dataset loaded with 23132 samples
2025-04-21 21:54:56,196 - INFO - Loading validation dataset...
2025-04-21 21:54:56,297 - INFO - Validation dataset loaded with 3118 samples
2025-04-21 21:54:56,398 - INFO - Creating data loaders with num_workers=0...
2025-04-21 21:54:56,498 - INFO - Initializing model...
2025-04-21 21:54:56,599 - INFO - Model initialized and moved to GPU
2025-04-21 21:54:56,699 - INFO - Testing with first batch...
2025-04-21 21:54:56,800 - INFO - First batch loaded with shapes: torch.Size([4, 64, 200]), torch.Size([4])
2025-04-21 21:54:56,901 - INFO - Moved to device successfully
2025-04-21 21:54:57,001 - INFO - Forward pass successful! Output shape: torch.Size([4, 31])
2025-04-21 21:54:57,102 - INFO - Step 1: Creating loss function...
2025-04-21 21:54:57,203 - INFO - Loss function created successfully
2025-04-21 21:54:57,303 - INFO - Step 2: Extracting model parameters...
2025-04-21 21:54:57,404 - INFO - Parameters extracted: 28 parameter groups
2025-04-21 21:54:57,504 - INFO - Step 3: Creating optimizer...
2025-04-21 21:54:57,605 - INFO - Using learning rate: 3e-05
2025-04-21 21:54:57,706 - INFO - Optimizer created successfully
